[0m17:05:17.104434 [debug] [MainThread]: Sending event: {'category': 'dbt', 'action': 'invocation', 'label': 'start', 'context': [<snowplow_tracker.self_describing_json.SelfDescribingJson object at 0x000001A2BA04BB60>, <snowplow_tracker.self_describing_json.SelfDescribingJson object at 0x000001A2B7D91BD0>, <snowplow_tracker.self_describing_json.SelfDescribingJson object at 0x000001A2BC22FD90>]}


============================== 17:05:17.109582 | f247e560-a75b-4874-b8c3-bc6212d1eed6 ==============================
[0m17:05:17.109582 [info ] [MainThread]: Running with dbt=1.10.5
[0m17:05:17.110389 [debug] [MainThread]: running dbt with arguments {'printer_width': '80', 'indirect_selection': 'eager', 'write_json': 'True', 'log_cache_events': 'False', 'partial_parse': 'True', 'cache_selected_only': 'False', 'profiles_dir': 'C:\\Users\\Dell\\.dbt', 'fail_fast': 'False', 'version_check': 'True', 'log_path': 'logs', 'warn_error': 'None', 'debug': 'False', 'use_colors': 'True', 'use_experimental_parser': 'False', 'no_print': 'None', 'quiet': 'False', 'empty': 'None', 'log_format': 'default', 'introspect': 'True', 'warn_error_options': 'WarnErrorOptionsV2(error=[], warn=[], silence=[])', 'static_parser': 'True', 'target_path': 'None', 'invocation_command': 'dbt source freshness', 'send_anonymous_usage_stats': 'True'}
[0m17:05:17.111089 [error] [MainThread]: Encountered an error:
Runtime Error
  No dbt_project.yml found at expected path C:\All Learning Materails\Data Engieering Projects\atliq_hospitality_pipeline\dbt_project.yml
  Verify that each entry within packages.yml (and their transitive dependencies) contains a file named dbt_project.yml
  
[0m17:05:17.112250 [debug] [MainThread]: Command `dbt source freshness` failed at 17:05:17.112113 after 0.16 seconds
[0m17:05:17.112653 [debug] [MainThread]: Sending event: {'category': 'dbt', 'action': 'invocation', 'label': 'end', 'context': [<snowplow_tracker.self_describing_json.SelfDescribingJson object at 0x000001A2BB163360>, <snowplow_tracker.self_describing_json.SelfDescribingJson object at 0x000001A2BB16A570>, <snowplow_tracker.self_describing_json.SelfDescribingJson object at 0x000001A2BB1017B0>]}
[0m17:05:17.113068 [debug] [MainThread]: Flushing usage events
[0m17:05:18.792974 [debug] [MainThread]: An error was encountered while trying to flush usage events
[0m17:06:23.005141 [debug] [MainThread]: Sending event: {'category': 'dbt', 'action': 'invocation', 'label': 'start', 'context': [<snowplow_tracker.self_describing_json.SelfDescribingJson object at 0x000002D40DBDBB60>, <snowplow_tracker.self_describing_json.SelfDescribingJson object at 0x000002D40B921BD0>, <snowplow_tracker.self_describing_json.SelfDescribingJson object at 0x000002D40FDB7D90>]}


============================== 17:06:23.012252 | a0d63205-6e5b-4a73-8431-5dfbb549a98d ==============================
[0m17:06:23.012252 [info ] [MainThread]: Running with dbt=1.10.5
[0m17:06:23.013173 [debug] [MainThread]: running dbt with arguments {'printer_width': '80', 'indirect_selection': 'eager', 'write_json': 'True', 'log_cache_events': 'False', 'partial_parse': 'True', 'cache_selected_only': 'False', 'warn_error': 'None', 'debug': 'False', 'version_check': 'True', 'log_path': 'logs', 'fail_fast': 'False', 'profiles_dir': 'C:\\Users\\Dell\\.dbt', 'use_colors': 'True', 'use_experimental_parser': 'False', 'empty': 'None', 'quiet': 'False', 'no_print': 'None', 'warn_error_options': 'WarnErrorOptionsV2(error=[], warn=[], silence=[])', 'invocation_command': 'dbt init dbt_atliq_hospitality', 'log_format': 'default', 'static_parser': 'True', 'target_path': 'None', 'introspect': 'True', 'send_anonymous_usage_stats': 'True'}
[0m17:06:23.051370 [debug] [MainThread]: Starter project path: C:\All Learning Materails\Data Engieering Projects\atliq_hospitality_pipeline\env\Lib\site-packages\dbt\include\starter_project
[0m17:06:23.071255 [info ] [MainThread]: 
Your new dbt project "dbt_atliq_hospitality" was created!

For more information on how to configure the profiles.yml file,
please consult the dbt documentation here:

  https://docs.getdbt.com/docs/configure-your-profile

One more thing:

Need help? Don't hesitate to reach out to us via GitHub issues or on Slack:

  https://community.getdbt.com/

Happy modeling!

[0m17:06:23.072198 [info ] [MainThread]: Setting up your profile.
[0m17:08:56.310979 [info ] [MainThread]: Profile dbt_atliq_hospitality written to C:\Users\Dell\.dbt\profiles.yml using target's profile_template.yml and your supplied values. Run 'dbt debug' to validate the connection.
[0m17:08:56.313265 [debug] [MainThread]: Command `dbt init` succeeded at 17:08:56.313064 after 153.48 seconds
[0m17:08:56.313779 [debug] [MainThread]: Sending event: {'category': 'dbt', 'action': 'invocation', 'label': 'end', 'context': [<snowplow_tracker.self_describing_json.SelfDescribingJson object at 0x000002D421113950>, <snowplow_tracker.self_describing_json.SelfDescribingJson object at 0x000002D40FE66450>, <snowplow_tracker.self_describing_json.SelfDescribingJson object at 0x000002D421152470>]}
[0m17:08:56.314266 [debug] [MainThread]: Flushing usage events
[0m17:08:57.702162 [debug] [MainThread]: An error was encountered while trying to flush usage events
[0m12:00:48.087319 [debug] [MainThread]: Sending event: {'category': 'dbt', 'action': 'invocation', 'label': 'start', 'context': [<snowplow_tracker.self_describing_json.SelfDescribingJson object at 0x000001930F1CBB60>, <snowplow_tracker.self_describing_json.SelfDescribingJson object at 0x000001930CF11BD0>, <snowplow_tracker.self_describing_json.SelfDescribingJson object at 0x00000193103D7D90>]}


============================== 12:00:48.099160 | fe0f657f-76ec-4ecf-b2a9-099b2b3f068f ==============================
[0m12:00:48.099160 [info ] [MainThread]: Running with dbt=1.10.5
[0m12:00:48.100865 [debug] [MainThread]: running dbt with arguments {'printer_width': '80', 'indirect_selection': 'eager', 'write_json': 'True', 'log_cache_events': 'False', 'partial_parse': 'True', 'cache_selected_only': 'False', 'profiles_dir': 'C:\\Users\\Dell\\.dbt', 'debug': 'False', 'fail_fast': 'False', 'log_path': 'logs', 'version_check': 'True', 'warn_error': 'None', 'use_colors': 'True', 'use_experimental_parser': 'False', 'empty': 'None', 'quiet': 'False', 'no_print': 'None', 'warn_error_options': 'WarnErrorOptionsV2(error=[], warn=[], silence=[])', 'introspect': 'True', 'invocation_command': 'dbt clean', 'log_format': 'default', 'target_path': 'None', 'static_parser': 'True', 'send_anonymous_usage_stats': 'True'}
[0m12:00:48.102330 [error] [MainThread]: Encountered an error:
Runtime Error
  No dbt_project.yml found at expected path C:\All Learning Materails\Data Engieering Projects\atliq_hospitality_pipeline\dbt_project.yml
  Verify that each entry within packages.yml (and their transitive dependencies) contains a file named dbt_project.yml
  
[0m12:00:48.104461 [debug] [MainThread]: Command `dbt clean` failed at 12:00:48.104192 after 0.26 seconds
[0m12:00:48.105180 [debug] [MainThread]: Sending event: {'category': 'dbt', 'action': 'invocation', 'label': 'end', 'context': [<snowplow_tracker.self_describing_json.SelfDescribingJson object at 0x00000193102E3230>, <snowplow_tracker.self_describing_json.SelfDescribingJson object at 0x00000193102EA570>, <snowplow_tracker.self_describing_json.SelfDescribingJson object at 0x00000193102818C0>]}
[0m12:00:48.105952 [debug] [MainThread]: Flushing usage events
[0m12:00:49.826761 [debug] [MainThread]: An error was encountered while trying to flush usage events
[0m12:00:53.649392 [debug] [MainThread]: Sending event: {'category': 'dbt', 'action': 'invocation', 'label': 'start', 'context': [<snowplow_tracker.self_describing_json.SelfDescribingJson object at 0x000002882A4CBB60>, <snowplow_tracker.self_describing_json.SelfDescribingJson object at 0x0000028828211BD0>, <snowplow_tracker.self_describing_json.SelfDescribingJson object at 0x000002882C6A7D90>]}


============================== 12:00:53.657674 | ee1a4d14-4a37-4101-8867-63ce96aacb4b ==============================
[0m12:00:53.657674 [info ] [MainThread]: Running with dbt=1.10.5
[0m12:00:53.659588 [debug] [MainThread]: running dbt with arguments {'printer_width': '80', 'indirect_selection': 'eager', 'log_cache_events': 'False', 'write_json': 'True', 'partial_parse': 'True', 'cache_selected_only': 'False', 'profiles_dir': 'C:\\Users\\Dell\\.dbt', 'debug': 'False', 'fail_fast': 'False', 'log_path': 'logs', 'version_check': 'True', 'warn_error': 'None', 'use_colors': 'True', 'use_experimental_parser': 'False', 'empty': 'None', 'quiet': 'False', 'no_print': 'None', 'log_format': 'default', 'static_parser': 'True', 'introspect': 'True', 'warn_error_options': 'WarnErrorOptionsV2(error=[], warn=[], silence=[])', 'target_path': 'None', 'invocation_command': 'dbt debug', 'send_anonymous_usage_stats': 'True'}
[0m12:00:53.704597 [info ] [MainThread]: dbt version: 1.10.5
[0m12:00:53.705444 [info ] [MainThread]: python version: 3.13.0
[0m12:00:53.706153 [info ] [MainThread]: python path: C:\All Learning Materails\Data Engieering Projects\atliq_hospitality_pipeline\env\Scripts\python.exe
[0m12:00:53.707010 [info ] [MainThread]: os info: Windows-11-10.0.22631-SP0
[0m12:00:55.476808 [info ] [MainThread]: Using profiles dir at C:\Users\Dell\.dbt
[0m12:00:55.477615 [info ] [MainThread]: Using profiles.yml file at C:\Users\Dell\.dbt\profiles.yml
[0m12:00:55.478351 [info ] [MainThread]: Using dbt_project.yml file at C:\All Learning Materails\Data Engieering Projects\atliq_hospitality_pipeline\dbt_project.yml
[0m12:00:55.480118 [info ] [MainThread]: adapter type: snowflake
[0m12:00:55.480951 [info ] [MainThread]: adapter version: 1.10.0
[0m12:00:55.481645 [info ] [MainThread]: Configuration:
[0m12:00:55.482313 [info ] [MainThread]:   profiles.yml file [[32mOK found and valid[0m]
[0m12:00:55.482913 [info ] [MainThread]:   dbt_project.yml file [[31mERROR not found[0m]
[0m12:00:55.483526 [info ] [MainThread]: Required dependencies:
[0m12:00:55.484169 [debug] [MainThread]: Executing "git --help"
[0m12:00:55.547144 [debug] [MainThread]: STDOUT: "b"usage: git [-v | --version] [-h | --help] [-C <path>] [-c <name>=<value>]\n           [--exec-path[=<path>]] [--html-path] [--man-path] [--info-path]\n           [-p | --paginate | -P | --no-pager] [--no-replace-objects] [--no-lazy-fetch]\n           [--no-optional-locks] [--no-advice] [--bare] [--git-dir=<path>]\n           [--work-tree=<path>] [--namespace=<name>] [--config-env=<name>=<envvar>]\n           <command> [<args>]\n\nThese are common Git commands used in various situations:\n\nstart a working area (see also: git help tutorial)\n   clone      Clone a repository into a new directory\n   init       Create an empty Git repository or reinitialize an existing one\n\nwork on the current change (see also: git help everyday)\n   add        Add file contents to the index\n   mv         Move or rename a file, a directory, or a symlink\n   restore    Restore working tree files\n   rm         Remove files from the working tree and from the index\n\nexamine the history and state (see also: git help revisions)\n   bisect     Use binary search to find the commit that introduced a bug\n   diff       Show changes between commits, commit and working tree, etc\n   grep       Print lines matching a pattern\n   log        Show commit logs\n   show       Show various types of objects\n   status     Show the working tree status\n\ngrow, mark and tweak your common history\n   backfill   Download missing objects in a partial clone\n   branch     List, create, or delete branches\n   commit     Record changes to the repository\n   merge      Join two or more development histories together\n   rebase     Reapply commits on top of another base tip\n   reset      Reset current HEAD to the specified state\n   switch     Switch branches\n   tag        Create, list, delete or verify a tag object signed with GPG\n\ncollaborate (see also: git help workflows)\n   fetch      Download objects and refs from another repository\n   pull       Fetch from and integrate with another repository or a local branch\n   push       Update remote refs along with associated objects\n\n'git help -a' and 'git help -g' list available subcommands and some\nconcept guides. See 'git help <command>' or 'git help <concept>'\nto read about a specific subcommand or concept.\nSee 'git help git' for an overview of the system.\n""
[0m12:00:55.547887 [debug] [MainThread]: STDERR: "b''"
[0m12:00:55.548465 [info ] [MainThread]:  - git [[32mOK found[0m]

[0m12:00:55.549580 [info ] [MainThread]: Connection:
[0m12:00:55.550436 [info ] [MainThread]:   account: ahprnkl-xl12535
[0m12:00:55.551374 [info ] [MainThread]:   user: dbt
[0m12:00:55.552489 [info ] [MainThread]:   database: atliq_db
[0m12:00:55.553414 [info ] [MainThread]:   warehouse: atliq_wh
[0m12:00:55.554613 [info ] [MainThread]:   role: transform
[0m12:00:55.556091 [info ] [MainThread]:   schema: dev
[0m12:00:55.557608 [info ] [MainThread]:   authenticator: None
[0m12:00:55.558885 [info ] [MainThread]:   oauth_client_id: None
[0m12:00:55.560877 [info ] [MainThread]:   query_tag: None
[0m12:00:55.562213 [info ] [MainThread]:   client_session_keep_alive: False
[0m12:00:55.563465 [info ] [MainThread]:   host: None
[0m12:00:55.564850 [info ] [MainThread]:   port: None
[0m12:00:55.565953 [info ] [MainThread]:   proxy_host: None
[0m12:00:55.567240 [info ] [MainThread]:   proxy_port: None
[0m12:00:55.568587 [info ] [MainThread]:   protocol: None
[0m12:00:55.569599 [info ] [MainThread]:   connect_retries: 1
[0m12:00:55.570700 [info ] [MainThread]:   connect_timeout: None
[0m12:00:55.571501 [info ] [MainThread]:   retry_on_database_errors: False
[0m12:00:55.572722 [info ] [MainThread]:   retry_all: False
[0m12:00:55.574175 [info ] [MainThread]:   insecure_mode: False
[0m12:00:55.576429 [info ] [MainThread]:   reuse_connections: True
[0m12:00:55.577708 [info ] [MainThread]:   s3_stage_vpce_dns_name: None
[0m12:00:55.579163 [info ] [MainThread]: Registered adapter: snowflake=1.10.0
[0m12:00:56.119113 [debug] [MainThread]: Acquiring new snowflake connection 'debug'
[0m12:00:56.227336 [debug] [MainThread]: Using snowflake connection "debug"
[0m12:00:56.227806 [debug] [MainThread]: On debug: select 1 as id
[0m12:00:56.228193 [debug] [MainThread]: Opening a new connection, currently in state init
[0m12:00:57.526534 [debug] [MainThread]: SQL status: SUCCESS 1 in 1.298 seconds
[0m12:00:57.530892 [info ] [MainThread]:   Connection test: [[32mOK connection ok[0m]

[0m12:00:57.533346 [info ] [MainThread]: [31m1 check failed:[0m
[0m12:00:57.535555 [info ] [MainThread]: Project loading failed for the following reason:
 project path <C:\All Learning Materails\Data Engieering Projects\atliq_hospitality_pipeline\dbt_project.yml> not found

[0m12:00:57.541545 [debug] [MainThread]: Command `dbt debug` failed at 12:00:57.540695 after 4.10 seconds
[0m12:00:57.543328 [debug] [MainThread]: Connection 'debug' was left open.
[0m12:00:57.544948 [debug] [MainThread]: On debug: Close
[0m12:00:57.949947 [debug] [MainThread]: Sending event: {'category': 'dbt', 'action': 'invocation', 'label': 'end', 'context': [<snowplow_tracker.self_describing_json.SelfDescribingJson object at 0x000002883DAF6EA0>, <snowplow_tracker.self_describing_json.SelfDescribingJson object at 0x000002883DB13D10>, <snowplow_tracker.self_describing_json.SelfDescribingJson object at 0x000002883DA4A8B0>]}
[0m12:00:57.951314 [debug] [MainThread]: Flushing usage events
[0m12:00:59.266559 [debug] [MainThread]: An error was encountered while trying to flush usage events
[0m16:40:15.363275 [debug] [MainThread]: Sending event: {'category': 'dbt', 'action': 'invocation', 'label': 'start', 'context': [<snowplow_tracker.self_describing_json.SelfDescribingJson object at 0x000001CD9045BB60>, <snowplow_tracker.self_describing_json.SelfDescribingJson object at 0x000001CD8E1B1BD0>, <snowplow_tracker.self_describing_json.SelfDescribingJson object at 0x000001CD9263FD90>]}


============================== 16:40:15.370359 | b7374e81-d12a-4045-b839-10c7abcd9be5 ==============================
[0m16:40:15.370359 [info ] [MainThread]: Running with dbt=1.10.5
[0m16:40:15.371369 [debug] [MainThread]: running dbt with arguments {'printer_width': '80', 'indirect_selection': 'eager', 'write_json': 'True', 'log_cache_events': 'False', 'partial_parse': 'True', 'cache_selected_only': 'False', 'profiles_dir': 'C:\\Users\\Dell\\.dbt', 'fail_fast': 'False', 'warn_error': 'None', 'log_path': 'logs', 'debug': 'False', 'version_check': 'True', 'use_colors': 'True', 'use_experimental_parser': 'False', 'no_print': 'None', 'quiet': 'False', 'empty': 'False', 'warn_error_options': 'WarnErrorOptionsV2(error=[], warn=[], silence=[])', 'introspect': 'True', 'static_parser': 'True', 'log_format': 'default', 'target_path': 'None', 'invocation_command': 'dbt run --select stg_hotels', 'send_anonymous_usage_stats': 'True'}
[0m16:40:15.371957 [error] [MainThread]: Encountered an error:
Runtime Error
  No dbt_project.yml found at expected path C:\All Learning Materails\Data Engieering Projects\atliq_hospitality_pipeline\dbt_project.yml
  Verify that each entry within packages.yml (and their transitive dependencies) contains a file named dbt_project.yml
  
[0m16:40:15.373184 [debug] [MainThread]: Command `dbt run` failed at 16:40:15.373027 after 0.17 seconds
[0m16:40:15.373613 [debug] [MainThread]: Sending event: {'category': 'dbt', 'action': 'invocation', 'label': 'end', 'context': [<snowplow_tracker.self_describing_json.SelfDescribingJson object at 0x000001CD91573230>, <snowplow_tracker.self_describing_json.SelfDescribingJson object at 0x000001CD9157A570>, <snowplow_tracker.self_describing_json.SelfDescribingJson object at 0x000001CD9150D7B0>]}
[0m16:40:15.374075 [debug] [MainThread]: Flushing usage events
[0m16:40:16.916355 [debug] [MainThread]: An error was encountered while trying to flush usage events
